<?xml version="1.0" encoding="UTF-8"?>
<!-- Generated by org.testng.reporters.JUnitXMLReporter -->
<testsuite hostname="MS-20181127ISPX" name="Selenium_Demo01" tests="5" failures="1" timestamp="10 Aug 2019 08:28:58 GMT" time="0.013" errors="0">
  <testcase name="a" time="0.002" classname="com.stu.testng01.TestNgDemo02"/>
  <testcase name="assertEqualTest" time="0.001" classname="com.stu.testng01.TestNgDemo02">
    <failure type="java.lang.AssertionError" message="expected [cde] but found [abc]">
      <![CDATA[java.lang.AssertionError: expected [cde] but found [abc]
	at com.stu.testng01.TestNgDemo02.assertEqualTest(TestNgDemo02.java:19)
... Removed 32 stack frames]]>
    </failure>
  </testcase> <!-- assertEqualTest -->
  <testcase name="assertNotEqualsTest" time="0.0" classname="com.stu.testng01.TestNgDemo02"/>
  <testcase name="assertNotNullTest" time="0.001" classname="com.stu.testng01.TestNgDemo02"/>
  <testcase name="assertNullTest" time="0.0" classname="com.stu.testng01.TestNgDemo02"/>
</testsuite> <!-- Selenium_Demo01 -->
