<?xml version="1.0" encoding="UTF-8"?>
<testng-results skipped="0" failed="1" total="6" passed="5">
  <reporter-output>
  </reporter-output>
  <suite name="Default Suite (0)" duration-ms="13" started-at="2019-08-10T08:28:58Z" finished-at="2019-08-10T08:28:58Z">
    <groups>
    </groups>
    <test name="Selenium_Demo01" duration-ms="13" started-at="2019-08-10T08:28:58Z" finished-at="2019-08-10T08:28:58Z">
      <class name="com.stu.testng01.TestNgDemo02">
        <test-method status="PASS" signature="a()[pri:0, instance:com.stu.testng01.TestNgDemo02@1936f0f5]" name="a" duration-ms="2" started-at="2019-08-10T16:28:58Z" finished-at="2019-08-10T16:28:58Z">
          <reporter-output>
          </reporter-output>
        </test-method> <!-- a -->
        <test-method status="FAIL" signature="assertEqualTest()[pri:0, instance:com.stu.testng01.TestNgDemo02@1936f0f5]" name="assertEqualTest" duration-ms="1" started-at="2019-08-10T16:28:58Z" finished-at="2019-08-10T16:28:58Z">
          <exception class="java.lang.AssertionError">
            <message>
              <![CDATA[expected [cde] but found [abc]]]>
            </message>
            <full-stacktrace>
              <![CDATA[java.lang.AssertionError: expected [cde] but found [abc]
	at org.testng.Assert.fail(Assert.java:94)
	at org.testng.Assert.failNotEquals(Assert.java:496)
	at org.testng.Assert.assertEquals(Assert.java:125)
	at org.testng.Assert.assertEquals(Assert.java:178)
	at org.testng.Assert.assertEquals(Assert.java:188)
	at com.stu.testng01.TestNgDemo02.assertEqualTest(TestNgDemo02.java:19)
	at sun.reflect.NativeMethodAccessorImpl.invoke0(Native Method)
	at sun.reflect.NativeMethodAccessorImpl.invoke(NativeMethodAccessorImpl.java:62)
	at sun.reflect.DelegatingMethodAccessorImpl.invoke(DelegatingMethodAccessorImpl.java:43)
	at java.lang.reflect.Method.invoke(Method.java:498)
	at org.testng.internal.MethodInvocationHelper.invokeMethod(MethodInvocationHelper.java:85)
	at org.testng.internal.Invoker.invokeMethod(Invoker.java:639)
	at org.testng.internal.Invoker.invokeTestMethod(Invoker.java:816)
	at org.testng.internal.Invoker.invokeTestMethods(Invoker.java:1124)
	at org.testng.internal.TestMethodWorker.invokeTestMethods(TestMethodWorker.java:125)
	at org.testng.internal.TestMethodWorker.run(TestMethodWorker.java:108)
	at org.testng.TestRunner.privateRun(TestRunner.java:774)
	at org.testng.TestRunner.run(TestRunner.java:624)
	at org.testng.SuiteRunner.runTest(SuiteRunner.java:359)
	at org.testng.SuiteRunner.runSequentially(SuiteRunner.java:354)
	at org.testng.SuiteRunner.privateRun(SuiteRunner.java:312)
	at org.testng.SuiteRunner.run(SuiteRunner.java:261)
	at org.testng.SuiteRunnerWorker.runSuite(SuiteRunnerWorker.java:52)
	at org.testng.SuiteRunnerWorker.run(SuiteRunnerWorker.java:86)
	at org.testng.TestNG.runSuitesSequentially(TestNG.java:1215)
	at org.testng.TestNG.runSuitesLocally(TestNG.java:1140)
	at org.testng.TestNG.run(TestNG.java:1048)
	at org.apache.maven.surefire.testng.TestNGExecutor.run(TestNGExecutor.java:281)
	at org.apache.maven.surefire.testng.TestNGXmlTestSuite.execute(TestNGXmlTestSuite.java:75)
	at org.apache.maven.surefire.testng.TestNGProvider.invoke(TestNGProvider.java:121)
	at org.apache.maven.surefire.booter.ForkedBooter.invokeProviderInSameClassLoader(ForkedBooter.java:290)
	at org.apache.maven.surefire.booter.ForkedBooter.runSuitesInProcess(ForkedBooter.java:242)
	at org.apache.maven.surefire.booter.ForkedBooter.main(ForkedBooter.java:121)
]]>
            </full-stacktrace>
          </exception> <!-- java.lang.AssertionError -->
          <reporter-output>
          </reporter-output>
        </test-method> <!-- assertEqualTest -->
        <test-method status="PASS" signature="assertNotEqualsTest()[pri:0, instance:com.stu.testng01.TestNgDemo02@1936f0f5]" name="assertNotEqualsTest" duration-ms="0" started-at="2019-08-10T16:28:58Z" finished-at="2019-08-10T16:28:58Z">
          <reporter-output>
          </reporter-output>
        </test-method> <!-- assertNotEqualsTest -->
        <test-method status="PASS" signature="assertNotNullTest()[pri:0, instance:com.stu.testng01.TestNgDemo02@1936f0f5]" name="assertNotNullTest" duration-ms="1" started-at="2019-08-10T16:28:58Z" finished-at="2019-08-10T16:28:58Z">
          <reporter-output>
          </reporter-output>
        </test-method> <!-- assertNotNullTest -->
        <test-method status="PASS" signature="assertNullTest()[pri:0, instance:com.stu.testng01.TestNgDemo02@1936f0f5]" name="assertNullTest" duration-ms="0" started-at="2019-08-10T16:28:58Z" finished-at="2019-08-10T16:28:58Z">
          <reporter-output>
          </reporter-output>
        </test-method> <!-- assertNullTest -->
      </class> <!-- com.stu.testng01.TestNgDemo02 -->
    </test> <!-- Selenium_Demo01 -->
  </suite> <!-- Default Suite (0) -->
  <suite name="Default Suite" duration-ms="6021" started-at="2019-08-10T08:28:52Z" finished-at="2019-08-10T08:28:58Z">
    <groups>
    </groups>
    <test name="Selenium_Demo01" duration-ms="6021" started-at="2019-08-10T08:28:52Z" finished-at="2019-08-10T08:28:58Z">
      <class name="com.stu.webdriver03.TestNgDemo01">
        <test-method status="PASS" signature="beforeTest()[pri:0, instance:com.stu.webdriver03.TestNgDemo01@17550481]" name="beforeTest" is-config="true" duration-ms="8" started-at="2019-08-10T16:28:52Z" finished-at="2019-08-10T16:28:52Z">
          <reporter-output>
          </reporter-output>
        </test-method> <!-- beforeTest -->
        <test-method status="PASS" signature="beforeMethod()[pri:0, instance:com.stu.webdriver03.TestNgDemo01@17550481]" name="beforeMethod" is-config="true" duration-ms="0" started-at="2019-08-10T16:28:52Z" finished-at="2019-08-10T16:28:52Z">
          <reporter-output>
          </reporter-output>
        </test-method> <!-- beforeMethod -->
        <test-method status="PASS" signature="testCase1()[pri:0, instance:com.stu.webdriver03.TestNgDemo01@17550481]" name="testCase1" duration-ms="3001" started-at="2019-08-10T16:28:52Z" finished-at="2019-08-10T16:28:55Z">
          <reporter-output>
          </reporter-output>
        </test-method> <!-- testCase1 -->
        <test-method status="PASS" signature="afterMethod()[pri:0, instance:com.stu.webdriver03.TestNgDemo01@17550481]" name="afterMethod" is-config="true" duration-ms="1" started-at="2019-08-10T16:28:55Z" finished-at="2019-08-10T16:28:55Z">
          <reporter-output>
          </reporter-output>
        </test-method> <!-- afterMethod -->
        <test-method status="PASS" signature="afterTest()[pri:0, instance:com.stu.webdriver03.TestNgDemo01@17550481]" name="afterTest" is-config="true" duration-ms="3001" started-at="2019-08-10T16:28:55Z" finished-at="2019-08-10T16:28:58Z">
          <reporter-output>
          </reporter-output>
        </test-method> <!-- afterTest -->
      </class> <!-- com.stu.webdriver03.TestNgDemo01 -->
    </test> <!-- Selenium_Demo01 -->
  </suite> <!-- Default Suite -->
</testng-results>
